Performing C SOURCE FILE Test CMAKE_HAVE_LIBC_PTHREAD failed with the following output:
Change Dir: /home/yanghai/fsh_v2_cuda/matlab_cuda/global_fitting_matlab_mex/build/CMakeFiles/CMakeTmp

Run Build Command(s):/usr/bin/make cmTC_dec40/fast && /usr/bin/make -f CMakeFiles/cmTC_dec40.dir/build.make CMakeFiles/cmTC_dec40.dir/build
make[1]: Entering directory '/home/yanghai/fsh_v2_cuda/matlab_cuda/global_fitting_matlab_mex/build/CMakeFiles/CMakeTmp'
Building C object CMakeFiles/cmTC_dec40.dir/src.c.o
/usr/bin/cc   -fPIC -DCMAKE_HAVE_LIBC_PTHREAD   -o CMakeFiles/cmTC_dec40.dir/src.c.o   -c /home/yanghai/fsh_v2_cuda/matlab_cuda/global_fitting_matlab_mex/build/CMakeFiles/CMakeTmp/src.c
Linking C executable cmTC_dec40
/usr/bin/cmake -E cmake_link_script CMakeFiles/cmTC_dec40.dir/link.txt --verbose=1
/usr/bin/cc -fPIC -DCMAKE_HAVE_LIBC_PTHREAD    -rdynamic CMakeFiles/cmTC_dec40.dir/src.c.o  -o cmTC_dec40 
/usr/bin/ld: CMakeFiles/cmTC_dec40.dir/src.c.o: in function `main':
src.c:(.text+0x46): undefined reference to `pthread_create'
/usr/bin/ld: src.c:(.text+0x52): undefined reference to `pthread_detach'
/usr/bin/ld: src.c:(.text+0x63): undefined reference to `pthread_join'
collect2: error: ld returned 1 exit status
make[1]: *** [CMakeFiles/cmTC_dec40.dir/build.make:87: cmTC_dec40] Error 1
make[1]: Leaving directory '/home/yanghai/fsh_v2_cuda/matlab_cuda/global_fitting_matlab_mex/build/CMakeFiles/CMakeTmp'
make: *** [Makefile:121: cmTC_dec40/fast] Error 2


Source file was:
#include <pthread.h>

void* test_func(void* data)
{
  return data;
}

int main(void)
{
  pthread_t thread;
  pthread_create(&thread, NULL, test_func, NULL);
  pthread_detach(thread);
  pthread_join(thread, NULL);
  pthread_atfork(NULL, NULL, NULL);
  pthread_exit(NULL);

  return 0;
}

Determining if the function pthread_create exists in the pthreads failed with the following output:
Change Dir: /home/yanghai/fsh_v2_cuda/matlab_cuda/global_fitting_matlab_mex/build/CMakeFiles/CMakeTmp

Run Build Command(s):/usr/bin/make cmTC_191c6/fast && /usr/bin/make -f CMakeFiles/cmTC_191c6.dir/build.make CMakeFiles/cmTC_191c6.dir/build
make[1]: Entering directory '/home/yanghai/fsh_v2_cuda/matlab_cuda/global_fitting_matlab_mex/build/CMakeFiles/CMakeTmp'
Building C object CMakeFiles/cmTC_191c6.dir/CheckFunctionExists.c.o
/usr/bin/cc   -fPIC -DCHECK_FUNCTION_EXISTS=pthread_create   -o CMakeFiles/cmTC_191c6.dir/CheckFunctionExists.c.o   -c /usr/share/cmake-3.16/Modules/CheckFunctionExists.c
Linking C executable cmTC_191c6
/usr/bin/cmake -E cmake_link_script CMakeFiles/cmTC_191c6.dir/link.txt --verbose=1
/usr/bin/cc -fPIC -DCHECK_FUNCTION_EXISTS=pthread_create    -rdynamic CMakeFiles/cmTC_191c6.dir/CheckFunctionExists.c.o  -o cmTC_191c6  -lpthreads 
/usr/bin/ld: cannot find -lpthreads
collect2: error: ld returned 1 exit status
make[1]: *** [CMakeFiles/cmTC_191c6.dir/build.make:87: cmTC_191c6] Error 1
make[1]: Leaving directory '/home/yanghai/fsh_v2_cuda/matlab_cuda/global_fitting_matlab_mex/build/CMakeFiles/CMakeTmp'
make: *** [Makefile:121: cmTC_191c6/fast] Error 2



Performing C SOURCE FILE Test CMAKE_HAVE_LIBC_PTHREAD failed with the following output:
Change Dir: /home/yanghai/fsh_v2_cuda/matlab_cuda/global_fitting_matlab_mex/build/CMakeFiles/CMakeTmp

Run Build Command(s):/usr/bin/make cmTC_63786/fast && /usr/bin/make -f CMakeFiles/cmTC_63786.dir/build.make CMakeFiles/cmTC_63786.dir/build
make[1]: Entering directory '/home/yanghai/fsh_v2_cuda/matlab_cuda/global_fitting_matlab_mex/build/CMakeFiles/CMakeTmp'
Building C object CMakeFiles/cmTC_63786.dir/src.c.o
/usr/bin/cc   -fPIC -DCMAKE_HAVE_LIBC_PTHREAD   -o CMakeFiles/cmTC_63786.dir/src.c.o   -c /home/yanghai/fsh_v2_cuda/matlab_cuda/global_fitting_matlab_mex/build/CMakeFiles/CMakeTmp/src.c
Linking C executable cmTC_63786
/usr/bin/cmake -E cmake_link_script CMakeFiles/cmTC_63786.dir/link.txt --verbose=1
/usr/bin/cc -fPIC -DCMAKE_HAVE_LIBC_PTHREAD    -rdynamic CMakeFiles/cmTC_63786.dir/src.c.o  -o cmTC_63786 
/usr/bin/ld: CMakeFiles/cmTC_63786.dir/src.c.o: in function `main':
src.c:(.text+0x46): undefined reference to `pthread_create'
/usr/bin/ld: src.c:(.text+0x52): undefined reference to `pthread_detach'
/usr/bin/ld: src.c:(.text+0x63): undefined reference to `pthread_join'
collect2: error: ld returned 1 exit status
make[1]: *** [CMakeFiles/cmTC_63786.dir/build.make:87: cmTC_63786] Error 1
make[1]: Leaving directory '/home/yanghai/fsh_v2_cuda/matlab_cuda/global_fitting_matlab_mex/build/CMakeFiles/CMakeTmp'
make: *** [Makefile:121: cmTC_63786/fast] Error 2


Source file was:
#include <pthread.h>

void* test_func(void* data)
{
  return data;
}

int main(void)
{
  pthread_t thread;
  pthread_create(&thread, NULL, test_func, NULL);
  pthread_detach(thread);
  pthread_join(thread, NULL);
  pthread_atfork(NULL, NULL, NULL);
  pthread_exit(NULL);

  return 0;
}

Determining if the function pthread_create exists in the pthreads failed with the following output:
Change Dir: /home/yanghai/fsh_v2_cuda/matlab_cuda/global_fitting_matlab_mex/build/CMakeFiles/CMakeTmp

Run Build Command(s):/usr/bin/make cmTC_1c572/fast && /usr/bin/make -f CMakeFiles/cmTC_1c572.dir/build.make CMakeFiles/cmTC_1c572.dir/build
make[1]: Entering directory '/home/yanghai/fsh_v2_cuda/matlab_cuda/global_fitting_matlab_mex/build/CMakeFiles/CMakeTmp'
Building C object CMakeFiles/cmTC_1c572.dir/CheckFunctionExists.c.o
/usr/bin/cc   -fPIC -DCHECK_FUNCTION_EXISTS=pthread_create   -o CMakeFiles/cmTC_1c572.dir/CheckFunctionExists.c.o   -c /usr/share/cmake-3.16/Modules/CheckFunctionExists.c
Linking C executable cmTC_1c572
/usr/bin/cmake -E cmake_link_script CMakeFiles/cmTC_1c572.dir/link.txt --verbose=1
/usr/bin/cc -fPIC -DCHECK_FUNCTION_EXISTS=pthread_create    -rdynamic CMakeFiles/cmTC_1c572.dir/CheckFunctionExists.c.o  -o cmTC_1c572  -lpthreads 
/usr/bin/ld: cannot find -lpthreads
collect2: error: ld returned 1 exit status
make[1]: *** [CMakeFiles/cmTC_1c572.dir/build.make:87: cmTC_1c572] Error 1
make[1]: Leaving directory '/home/yanghai/fsh_v2_cuda/matlab_cuda/global_fitting_matlab_mex/build/CMakeFiles/CMakeTmp'
make: *** [Makefile:121: cmTC_1c572/fast] Error 2



Performing C SOURCE FILE Test CMAKE_HAVE_LIBC_PTHREAD failed with the following output:
Change Dir: /home/yanghai/fsh_v2_cuda/matlab_cuda/global_fitting_matlab_mex/build/CMakeFiles/CMakeTmp

Run Build Command(s):/usr/bin/make cmTC_a8e90/fast && /usr/bin/make -f CMakeFiles/cmTC_a8e90.dir/build.make CMakeFiles/cmTC_a8e90.dir/build
make[1]: Entering directory '/home/yanghai/fsh_v2_cuda/matlab_cuda/global_fitting_matlab_mex/build/CMakeFiles/CMakeTmp'
Building C object CMakeFiles/cmTC_a8e90.dir/src.c.o
/usr/bin/cc   -fPIC -DCMAKE_HAVE_LIBC_PTHREAD   -o CMakeFiles/cmTC_a8e90.dir/src.c.o   -c /home/yanghai/fsh_v2_cuda/matlab_cuda/global_fitting_matlab_mex/build/CMakeFiles/CMakeTmp/src.c
Linking C executable cmTC_a8e90
/usr/bin/cmake -E cmake_link_script CMakeFiles/cmTC_a8e90.dir/link.txt --verbose=1
/usr/bin/cc -fPIC -DCMAKE_HAVE_LIBC_PTHREAD    -rdynamic CMakeFiles/cmTC_a8e90.dir/src.c.o  -o cmTC_a8e90 
/usr/bin/ld: CMakeFiles/cmTC_a8e90.dir/src.c.o: in function `main':
src.c:(.text+0x46): undefined reference to `pthread_create'
/usr/bin/ld: src.c:(.text+0x52): undefined reference to `pthread_detach'
/usr/bin/ld: src.c:(.text+0x63): undefined reference to `pthread_join'
collect2: error: ld returned 1 exit status
make[1]: *** [CMakeFiles/cmTC_a8e90.dir/build.make:87: cmTC_a8e90] Error 1
make[1]: Leaving directory '/home/yanghai/fsh_v2_cuda/matlab_cuda/global_fitting_matlab_mex/build/CMakeFiles/CMakeTmp'
make: *** [Makefile:121: cmTC_a8e90/fast] Error 2


Source file was:
#include <pthread.h>

void* test_func(void* data)
{
  return data;
}

int main(void)
{
  pthread_t thread;
  pthread_create(&thread, NULL, test_func, NULL);
  pthread_detach(thread);
  pthread_join(thread, NULL);
  pthread_atfork(NULL, NULL, NULL);
  pthread_exit(NULL);

  return 0;
}

Determining if the function pthread_create exists in the pthreads failed with the following output:
Change Dir: /home/yanghai/fsh_v2_cuda/matlab_cuda/global_fitting_matlab_mex/build/CMakeFiles/CMakeTmp

Run Build Command(s):/usr/bin/make cmTC_46c67/fast && /usr/bin/make -f CMakeFiles/cmTC_46c67.dir/build.make CMakeFiles/cmTC_46c67.dir/build
make[1]: Entering directory '/home/yanghai/fsh_v2_cuda/matlab_cuda/global_fitting_matlab_mex/build/CMakeFiles/CMakeTmp'
Building C object CMakeFiles/cmTC_46c67.dir/CheckFunctionExists.c.o
/usr/bin/cc   -fPIC -DCHECK_FUNCTION_EXISTS=pthread_create   -o CMakeFiles/cmTC_46c67.dir/CheckFunctionExists.c.o   -c /usr/share/cmake-3.16/Modules/CheckFunctionExists.c
Linking C executable cmTC_46c67
/usr/bin/cmake -E cmake_link_script CMakeFiles/cmTC_46c67.dir/link.txt --verbose=1
/usr/bin/cc -fPIC -DCHECK_FUNCTION_EXISTS=pthread_create    -rdynamic CMakeFiles/cmTC_46c67.dir/CheckFunctionExists.c.o  -o cmTC_46c67  -lpthreads 
/usr/bin/ld: cannot find -lpthreads
collect2: error: ld returned 1 exit status
make[1]: *** [CMakeFiles/cmTC_46c67.dir/build.make:87: cmTC_46c67] Error 1
make[1]: Leaving directory '/home/yanghai/fsh_v2_cuda/matlab_cuda/global_fitting_matlab_mex/build/CMakeFiles/CMakeTmp'
make: *** [Makefile:121: cmTC_46c67/fast] Error 2



